<?xml version="1.0" encoding="UTF-8"?>
<!-- Generated by org.testng.reporters.JUnitXMLReporter -->
<testsuite hostname="lt-vijay-kesav-mac" ignored="0" name="Test" tests="10" failures="0" timestamp="22 Sep 2019 18:58:16 GMT" time="7.652" errors="0">
  <testcase name="validate_the_count_of_flavors" time="2.515" classname="test.api_tests.BerryTests"/>
  <testcase name="validate_the_status_code_for_200" time="0.746" classname="test.api_tests.BerryTests"/>
  <testcase name="validate_the_value_of_key_firmness_url" time="0.839" classname="test.api_tests.BerryTests"/>
  <testcase name="validate_the_value_of_key_id" time="0.692" classname="test.api_tests.BerryTests"/>
  <testcase name="validate_the_value_of_key_name" time="0.82" classname="test.api_tests.BerryTests"/>
  <testcase name="validate_the_count_of_names" time="0.316" classname="test.api_tests.ContestTests"/>
  <testcase name="validate_the_status_code_for_200" time="0.241" classname="test.api_tests.ContestTests"/>
  <testcase name="validate_the_value_of_key_berry_flavors_url" time="0.277" classname="test.api_tests.ContestTests"/>
  <testcase name="validate_the_value_of_key_id" time="0.269" classname="test.api_tests.ContestTests"/>
  <testcase name="validate_the_value_of_key_name" time="0.249" classname="test.api_tests.ContestTests"/>
</testsuite> <!-- Test -->
