<?xml version="1.0" encoding="UTF-8"?>
<!-- Generated by org.testng.reporters.JUnitXMLReporter -->
<testsuite hostname="lt-vijay-kesav-mac" ignored="0" name="Default test" tests="5" failures="0" timestamp="22 Sep 2019 18:16:01 GMT" time="4.366" errors="0">
  <testcase name="validate_the_count_of_names" time="1.94" classname="test.api_tests.ContestTests"/>
  <testcase name="validate_the_status_code_for_200" time="0.846" classname="test.api_tests.ContestTests"/>
  <testcase name="validate_the_value_of_key_berry_flavors_url" time="0.498" classname="test.api_tests.ContestTests"/>
  <testcase name="validate_the_value_of_key_id" time="0.251" classname="test.api_tests.ContestTests"/>
  <testcase name="validate_the_value_of_key_name" time="0.292" classname="test.api_tests.ContestTests"/>
</testsuite> <!-- Default test -->
